<?xml version="1.0" encoding="UTF-8"?>
<!-- Generated by org.testng.reporters.JUnitReportReporter -->
<testsuite hostname="Vova-PC" name="com.crmtronic.LoginTest" tests="1" failures="0" timestamp="30 Jun 2015 12:27:51 GMT" time="6.919" errors="0">
  <testcase name="testLogin" time="6.919" classname="com.crmtronic.LoginTest"/>
</testsuite> <!-- com.crmtronic.LoginTest -->
