<?xml version="1.0" encoding="UTF-8"?>
<!-- Generated by org.testng.reporters.JUnitReportReporter -->
<testsuite hostname="Vova-PC" name="com.crmtronic.SampleTestNgTest" tests="1" failures="0" timestamp="30 Jun 2015 08:23:01 GMT" time="44.438" errors="0">
  <testcase name="testHomePageHasAHeader" time="44.438" classname="com.crmtronic.SampleTestNgTest"/>
</testsuite> <!-- com.crmtronic.SampleTestNgTest -->
