<?xml version="1.0" encoding="UTF-8"?>
<!-- Generated by org.testng.reporters.JUnitReportReporter -->
<testsuite hostname="Vova-PC" name="com.crmtronic.tests.LoginTest" tests="2" failures="0" timestamp="1 Jul 2015 10:48:09 GMT" time="19.000" errors="0">
  <testcase name="testLoginIn" time="17.060" classname="com.crmtronic.tests.LoginTest"/>
  <testcase name="testGoPagePasswordRecovery" time="1.940" classname="com.crmtronic.tests.LoginTest"/>
</testsuite> <!-- com.crmtronic.tests.LoginTest -->
