<?xml version="1.0" encoding="UTF-8"?>
<!-- Generated by org.testng.reporters.JUnitReportReporter -->
<testsuite hostname="Vova-PC" name="com.crmtronic.LoginTest" tests="2" failures="0" timestamp="30 Jun 2015 15:54:16 GMT" time="16.306" errors="0">
  <testcase name="testLoginIn" time="13.307" classname="com.crmtronic.LoginTest"/>
  <testcase name="testGoPagePasswordRecovery" time="2.999" classname="com.crmtronic.LoginTest"/>
</testsuite> <!-- com.crmtronic.LoginTest -->
