<?xml version="1.0" encoding="UTF-8"?>
<!-- Generated by org.testng.reporters.JUnitReportReporter -->
<testsuite hostname="Vova-PC" name="com.crmtronic.tests.RegistrationTest" tests="1" failures="0" timestamp="2 Jul 2015 11:57:10 GMT" time="12.410" errors="0">
  <testcase name="testRegistrationOkWithCategoryTour" time="12.410" classname="com.crmtronic.tests.RegistrationTest"/>
</testsuite> <!-- com.crmtronic.tests.RegistrationTest -->
