<?xml version="1.0" encoding="UTF-8"?>
<!-- Generated by org.testng.reporters.JUnitReportReporter -->
<testsuite hostname="Vova-PC" name="com.crmtronic.SampleTestNgTest" tests="1" failures="0" timestamp="29 Jun 2015 14:10:43 GMT" time="24.677" errors="0">
  <testcase name="testHomePageHasAHeader" time="24.677" classname="com.crmtronic.SampleTestNgTest"/>
</testsuite> <!-- com.crmtronic.SampleTestNgTest -->
