<?xml version="1.0" encoding="UTF-8"?>
<!-- Generated by org.testng.reporters.JUnitReportReporter -->
<testsuite hostname="Vova-PC" name="com.crmtronic.tests.LoginTest" tests="2" failures="0" timestamp="1 Jul 2015 12:08:11 GMT" time="10.431" errors="0">
  <testcase name="testGoPagePasswordRecovery" time="6.334" classname="com.crmtronic.tests.LoginTest"/>
  <testcase name="testLoginIn" time="4.097" classname="com.crmtronic.tests.LoginTest"/>
</testsuite> <!-- com.crmtronic.tests.LoginTest -->
