<?xml version="1.0" encoding="UTF-8"?>
<!-- Generated by org.testng.reporters.JUnitReportReporter -->
<testsuite hostname="Vova-PC" name="com.crmtronic.tests.CategoriesTest" tests="1" failures="0" timestamp="13 Jul 2015 08:21:46 GMT" time="46.937" errors="0">
  <testcase name="testAddGroupStatusCategory" time="46.937" classname="com.crmtronic.tests.CategoriesTest"/>
</testsuite> <!-- com.crmtronic.tests.CategoriesTest -->
