<?xml version="1.0" encoding="UTF-8"?>
<!-- Generated by org.testng.reporters.JUnitReportReporter -->
<testsuite hostname="Vova-PC" name="com.crmtronic.tests.ProfileTest" tests="1" failures="0" timestamp="8 Jul 2015 12:23:47 GMT" time="48.480" errors="0">
  <testcase name="testEditAvatarProfileSelectLocal" time="48.480" classname="com.crmtronic.tests.ProfileTest"/>
</testsuite> <!-- com.crmtronic.tests.ProfileTest -->
