<?xml version="1.0" encoding="UTF-8"?>
<!-- Generated by org.testng.reporters.JUnitReportReporter -->
<testsuite hostname="Vova-PC" name="com.crmtronic.tests.LoginTest" tests="2" failures="0" timestamp="8 Jul 2015 12:02:13 GMT" time="27.390" errors="0">
  <testcase name="testGoPagePasswordRecovery" time="13.829" classname="com.crmtronic.tests.LoginTest"/>
  <testcase name="testLoginOK" time="13.561" classname="com.crmtronic.tests.LoginTest"/>
</testsuite> <!-- com.crmtronic.tests.LoginTest -->
