<?xml version="1.0" encoding="UTF-8"?>
<!-- Generated by org.testng.reporters.JUnitReportReporter -->
<testsuite hostname="Vova-PC" name="com.crmtronic.tests.LoginTest" tests="2" failures="0" timestamp="7 Jul 2015 06:58:05 GMT" time="18.562" errors="0">
  <testcase name="testGoPagePasswordRecovery" time="11.093" classname="com.crmtronic.tests.LoginTest"/>
  <testcase name="testLoginOK" time="7.469" classname="com.crmtronic.tests.LoginTest"/>
</testsuite> <!-- com.crmtronic.tests.LoginTest -->
