<?xml version="1.0" encoding="UTF-8"?>
<!-- Generated by org.testng.reporters.JUnitReportReporter -->
<testsuite hostname="Vova-PC" name="com.crmtronic.LoginTest" tests="2" failures="0" timestamp="30 Jun 2015 15:35:53 GMT" time="23.470" errors="0">
  <testcase name="testGoPagePasswordRecovery" time="2.257" classname="com.crmtronic.LoginTest"/>
  <testcase name="testLoginIn" time="21.213" classname="com.crmtronic.LoginTest"/>
</testsuite> <!-- com.crmtronic.LoginTest -->
