<?xml version="1.0" encoding="UTF-8"?>
<!-- Generated by org.testng.reporters.JUnitReportReporter -->
<testsuite hostname="Vova-PC" name="com.crmtronic.tests.CategoriesTest" tests="1" failures="0" timestamp="8 Jul 2015 14:21:38 GMT" time="65.359" errors="0">
  <testcase name="testAddGroupStatusCategory" time="65.359" classname="com.crmtronic.tests.CategoriesTest"/>
</testsuite> <!-- com.crmtronic.tests.CategoriesTest -->
