<?xml version="1.0" encoding="UTF-8"?>
<!-- Generated by org.testng.reporters.JUnitReportReporter -->
<testsuite hostname="Vova-PC" name="com.crmtronic.tests.RegistrationTest" tests="1" failures="0" timestamp="8 Jul 2015 12:02:13 GMT" time="26.195" errors="0">
  <testcase name="testRegistrationOkWithCategoryTour" time="26.195" classname="com.crmtronic.tests.RegistrationTest"/>
</testsuite> <!-- com.crmtronic.tests.RegistrationTest -->
