<?xml version="1.0" encoding="UTF-8"?>
<!-- Generated by org.testng.reporters.JUnitReportReporter -->
<testsuite hostname="Vova-PC" name="com.crmtronic.tests.RegistrationTest" tests="1" failures="0" timestamp="7 Jul 2015 06:58:05 GMT" time="21.162" errors="0">
  <testcase name="testRegistrationOkWithCategoryTour" time="21.162" classname="com.crmtronic.tests.RegistrationTest"/>
</testsuite> <!-- com.crmtronic.tests.RegistrationTest -->
