<?xml version="1.0" encoding="UTF-8"?>
<!-- Generated by org.testng.reporters.JUnitReportReporter -->
<testsuite hostname="Vova-PC" name="com.crmtronic.tests.ProfileTest" tests="1" failures="0" timestamp="2 Jul 2015 08:06:29 GMT" time="9.997" errors="0">
  <testcase name="testEditAvatarProfileSelectLocal" time="9.997" classname="com.crmtronic.tests.ProfileTest"/>
</testsuite> <!-- com.crmtronic.tests.ProfileTest -->
