<?xml version="1.0" encoding="UTF-8"?>
<!-- Generated by org.testng.reporters.JUnitReportReporter -->
<testsuite hostname="Vova-PC" name="com.crmtronic.tests.ProfileTest" tests="1" failures="0" timestamp="7 Jul 2015 06:40:40 GMT" time="22.663" errors="0">
  <testcase name="testEditAvatarProfileSelectLocal" time="22.663" classname="com.crmtronic.tests.ProfileTest"/>
</testsuite> <!-- com.crmtronic.tests.ProfileTest -->
