<?xml version="1.0" encoding="UTF-8"?>
<!-- Generated by org.testng.reporters.JUnitReportReporter -->
<testsuite hostname="Vova-PC" name="com.crmtronic.tests.ProfileTest" tests="1" failures="0" timestamp="7 Jul 2015 13:22:35 GMT" time="20.278" errors="0">
  <testcase name="testEditAvatarProfileSelectLocal" time="20.278" classname="com.crmtronic.tests.ProfileTest"/>
</testsuite> <!-- com.crmtronic.tests.ProfileTest -->
