<?xml version="1.0" encoding="UTF-8"?>
<!-- Generated by org.testng.reporters.JUnitReportReporter -->
<testsuite hostname="Vova-PC" name="com.crmtronic.tests.CategoriesTest" tests="1" failures="0" timestamp="7 Jul 2015 06:58:05 GMT" time="17.744" errors="0">
  <testcase name="testCreateNewCategories" time="17.744" classname="com.crmtronic.tests.CategoriesTest"/>
</testsuite> <!-- com.crmtronic.tests.CategoriesTest -->
